[2025-06-21 11:30:49,044] INFO  org.hibernate.validator.internal.util.Version - HV000001: Hibernate Validator 8.0.2.Final
[2025-06-21 11:30:49,096] INFO  com.example.order_service.OrderServiceApplication - Starting OrderServiceApplication using Java 21.0.7 with PID 28960 (D:\tailieu\Ki_2-Nam_3\Intern\SpringBoot\order_service\target\classes started by chien in D:\tailieu\Ki_2-Nam_3\Intern\SpringBoot\order_service)
[2025-06-21 11:30:49,102] INFO  com.example.order_service.OrderServiceApplication - No active profile set, falling back to 1 default profile: "default"
[2025-06-21 11:30:49,145] INFO  org.springframework.boot.devtools.env.DevToolsPropertyDefaultsPostProcessor - Devtools property defaults active! Set 'spring.devtools.add-properties' to 'false' to disable
[2025-06-21 11:30:49,147] INFO  org.springframework.boot.devtools.env.DevToolsPropertyDefaultsPostProcessor - For additional web related logging consider setting the 'logging.level.web' property to 'DEBUG'
[2025-06-21 11:30:49,936] INFO  org.springframework.data.repository.config.RepositoryConfigurationDelegate - Bootstrapping Spring Data JPA repositories in DEFAULT mode.
[2025-06-21 11:30:50,004] INFO  org.springframework.data.repository.config.RepositoryConfigurationDelegate - Finished Spring Data repository scanning in 59 ms. Found 4 JPA repository interfaces.
[2025-06-21 11:30:50,639] INFO  org.springframework.boot.web.embedded.tomcat.TomcatWebServer - Tomcat initialized with port 8080 (http)
[2025-06-21 11:30:50,653] INFO  org.apache.coyote.http11.Http11NioProtocol - Initializing ProtocolHandler ["http-nio-8080"]
[2025-06-21 11:30:50,655] INFO  org.apache.catalina.core.StandardService - Starting service [Tomcat]
[2025-06-21 11:30:50,657] INFO  org.apache.catalina.core.StandardEngine - Starting Servlet engine: [Apache Tomcat/10.1.41]
[2025-06-21 11:30:50,713] INFO  org.apache.catalina.core.ContainerBase.[Tomcat].[localhost].[/] - Initializing Spring embedded WebApplicationContext
[2025-06-21 11:30:50,715] INFO  org.springframework.boot.web.servlet.context.ServletWebServerApplicationContext - Root WebApplicationContext: initialization completed in 1565 ms
[2025-06-21 11:30:50,887] INFO  org.hibernate.jpa.internal.util.LogHelper - HHH000204: Processing PersistenceUnitInfo [name: default]
[2025-06-21 11:30:50,942] INFO  org.hibernate.Version - HHH000412: Hibernate ORM core version 6.6.15.Final
[2025-06-21 11:30:50,977] INFO  org.hibernate.cache.internal.RegionFactoryInitiator - HHH000026: Second-level cache disabled
[2025-06-21 11:30:51,243] INFO  org.springframework.orm.jpa.persistenceunit.SpringPersistenceUnitInfo - No LoadTimeWeaver setup: ignoring JPA class transformer
[2025-06-21 11:30:51,275] INFO  com.zaxxer.hikari.HikariDataSource - HikariPool-1 - Starting...
[2025-06-21 11:30:51,596] INFO  com.zaxxer.hikari.pool.HikariPool - HikariPool-1 - Added connection com.mysql.cj.jdbc.ConnectionImpl@3e9c285b
[2025-06-21 11:30:51,599] INFO  com.zaxxer.hikari.HikariDataSource - HikariPool-1 - Start completed.
[2025-06-21 11:30:51,668] INFO  org.hibernate.orm.connections.pooling - HHH10001005: Database info:
	Database JDBC URL [Connecting through datasource 'HikariDataSource (HikariPool-1)']
	Database driver: undefined/unknown
	Database version: 8.1
	Autocommit mode: undefined/unknown
	Isolation level: undefined/unknown
	Minimum pool size: undefined/unknown
	Maximum pool size: undefined/unknown
[2025-06-21 11:30:52,484] INFO  org.hibernate.engine.transaction.jta.platform.internal.JtaPlatformInitiator - HHH000489: No JTA platform available (set 'hibernate.transaction.jta.platform' to enable JTA platform integration)
[2025-06-21 11:30:52,571] INFO  org.springframework.orm.jpa.LocalContainerEntityManagerFactoryBean - Initialized JPA EntityManagerFactory for persistence unit 'default'
[2025-06-21 11:30:52,940] WARN  org.springframework.boot.autoconfigure.orm.jpa.JpaBaseConfiguration$JpaWebConfiguration - spring.jpa.open-in-view is enabled by default. Therefore, database queries may be performed during view rendering. Explicitly configure spring.jpa.open-in-view to disable this warning
[2025-06-21 11:30:53,607] INFO  org.springframework.boot.devtools.autoconfigure.OptionalLiveReloadServer - LiveReload server is running on port 35729
[2025-06-21 11:30:53,620] INFO  org.apache.coyote.http11.Http11NioProtocol - Starting ProtocolHandler ["http-nio-8080"]
[2025-06-21 11:30:53,637] INFO  org.springframework.boot.web.embedded.tomcat.TomcatWebServer - Tomcat started on port 8080 (http) with context path '/'
[2025-06-21 11:30:53,645] INFO  com.example.order_service.OrderServiceApplication - Started OrderServiceApplication in 4.905 seconds (process running for 6.123)
[2025-06-21 11:30:53,649] INFO  com.example.order_service.OrderServiceApplication - Log4j2 hoạt động rồi!
[2025-06-21 11:30:53,650] ERROR com.example.order_service.OrderServiceApplication - Lỗi thử nghiệm
[2025-06-21 11:30:53,650] INFO  com.example.order_service.OrderServiceApplication - info
[2025-06-21 11:30:53,650] WARN  com.example.order_service.OrderServiceApplication - warn
[2025-06-21 11:30:53,650] ERROR com.example.order_service.OrderServiceApplication - error
[2025-06-21 11:30:53,650] FATAL com.example.order_service.OrderServiceApplication - fatal
[2025-06-21 11:31:03,099] INFO  org.springframework.boot.web.embedded.tomcat.GracefulShutdown - Commencing graceful shutdown. Waiting for active requests to complete
[2025-06-21 11:31:03,123] INFO  org.springframework.boot.web.embedded.tomcat.GracefulShutdown - Graceful shutdown complete
[2025-06-21 11:31:03,127] INFO  org.springframework.orm.jpa.LocalContainerEntityManagerFactoryBean - Closing JPA EntityManagerFactory for persistence unit 'default'
[2025-06-21 11:31:03,130] INFO  com.zaxxer.hikari.HikariDataSource - HikariPool-1 - Shutdown initiated...
[2025-06-21 11:31:03,136] INFO  com.zaxxer.hikari.HikariDataSource - HikariPool-1 - Shutdown completed.
