[2025-06-23 10:39:49,454] INFO  org.hibernate.validator.internal.util.Version - HV000001: Hibernate Validator 8.0.2.Final
[2025-06-23 10:39:49,524] INFO  com.example.order_service.OrderServiceApplication - Starting OrderServiceApplication using Java 21.0.7 with PID 2828 (D:\tailieu\Ki_2-Nam_3\Intern\SpringBoot\order_service\target\classes started by chien in D:\tailieu\Ki_2-Nam_3\Intern\SpringBoot\order_service)
[2025-06-23 10:39:49,527] INFO  com.example.order_service.OrderServiceApplication - No active profile set, falling back to 1 default profile: "default"
[2025-06-23 10:39:49,569] INFO  org.springframework.boot.devtools.env.DevToolsPropertyDefaultsPostProcessor - Devtools property defaults active! Set 'spring.devtools.add-properties' to 'false' to disable
[2025-06-23 10:39:49,570] INFO  org.springframework.boot.devtools.env.DevToolsPropertyDefaultsPostProcessor - For additional web related logging consider setting the 'logging.level.web' property to 'DEBUG'
[2025-06-23 10:39:50,331] INFO  org.springframework.data.repository.config.RepositoryConfigurationDelegate - Bootstrapping Spring Data JPA repositories in DEFAULT mode.
[2025-06-23 10:39:50,403] INFO  org.springframework.data.repository.config.RepositoryConfigurationDelegate - Finished Spring Data repository scanning in 61 ms. Found 4 JPA repository interfaces.
[2025-06-23 10:39:51,029] INFO  org.springframework.boot.web.embedded.tomcat.TomcatWebServer - Tomcat initialized with port 8080 (http)
[2025-06-23 10:39:51,044] INFO  org.apache.coyote.http11.Http11NioProtocol - Initializing ProtocolHandler ["http-nio-8080"]
[2025-06-23 10:39:51,047] INFO  org.apache.catalina.core.StandardService - Starting service [Tomcat]
[2025-06-23 10:39:51,047] INFO  org.apache.catalina.core.StandardEngine - Starting Servlet engine: [Apache Tomcat/10.1.41]
[2025-06-23 10:39:51,097] INFO  org.apache.catalina.core.ContainerBase.[Tomcat].[localhost].[/] - Initializing Spring embedded WebApplicationContext
[2025-06-23 10:39:51,098] INFO  org.springframework.boot.web.servlet.context.ServletWebServerApplicationContext - Root WebApplicationContext: initialization completed in 1527 ms
[2025-06-23 10:39:51,276] INFO  org.hibernate.jpa.internal.util.LogHelper - HHH000204: Processing PersistenceUnitInfo [name: default]
[2025-06-23 10:39:51,353] INFO  org.hibernate.Version - HHH000412: Hibernate ORM core version 6.6.15.Final
[2025-06-23 10:39:51,392] INFO  org.hibernate.cache.internal.RegionFactoryInitiator - HHH000026: Second-level cache disabled
[2025-06-23 10:39:51,695] INFO  org.springframework.orm.jpa.persistenceunit.SpringPersistenceUnitInfo - No LoadTimeWeaver setup: ignoring JPA class transformer
[2025-06-23 10:39:51,727] INFO  com.zaxxer.hikari.HikariDataSource - HikariPool-1 - Starting...
[2025-06-23 10:39:52,794] INFO  com.zaxxer.hikari.pool.HikariPool - HikariPool-1 - Added connection com.mysql.cj.jdbc.ConnectionImpl@2c93dd80
[2025-06-23 10:39:52,796] INFO  com.zaxxer.hikari.HikariDataSource - HikariPool-1 - Start completed.
[2025-06-23 10:39:52,973] INFO  org.hibernate.orm.connections.pooling - HHH10001005: Database info:
	Database JDBC URL [Connecting through datasource 'HikariDataSource (HikariPool-1)']
	Database driver: undefined/unknown
	Database version: 9.3
	Autocommit mode: undefined/unknown
	Isolation level: undefined/unknown
	Minimum pool size: undefined/unknown
	Maximum pool size: undefined/unknown
[2025-06-23 10:39:53,791] INFO  org.hibernate.engine.transaction.jta.platform.internal.JtaPlatformInitiator - HHH000489: No JTA platform available (set 'hibernate.transaction.jta.platform' to enable JTA platform integration)
[2025-06-23 10:39:56,299] INFO  org.springframework.orm.jpa.LocalContainerEntityManagerFactoryBean - Initialized JPA EntityManagerFactory for persistence unit 'default'
[2025-06-23 10:39:56,670] WARN  org.springframework.boot.autoconfigure.orm.jpa.JpaBaseConfiguration$JpaWebConfiguration - spring.jpa.open-in-view is enabled by default. Therefore, database queries may be performed during view rendering. Explicitly configure spring.jpa.open-in-view to disable this warning
[2025-06-23 10:39:57,283] INFO  org.springframework.boot.devtools.autoconfigure.OptionalLiveReloadServer - LiveReload server is running on port 35729
[2025-06-23 10:39:57,294] INFO  org.apache.coyote.http11.Http11NioProtocol - Starting ProtocolHandler ["http-nio-8080"]
[2025-06-23 10:39:57,318] INFO  org.springframework.boot.web.embedded.tomcat.TomcatWebServer - Tomcat started on port 8080 (http) with context path '/'
[2025-06-23 10:39:57,327] INFO  com.example.order_service.OrderServiceApplication - Started OrderServiceApplication in 8.19 seconds (process running for 9.101)
[2025-06-23 10:40:13,592] INFO  org.springframework.boot.web.embedded.tomcat.GracefulShutdown - Commencing graceful shutdown. Waiting for active requests to complete
[2025-06-23 10:40:13,603] INFO  org.springframework.boot.web.embedded.tomcat.GracefulShutdown - Graceful shutdown complete
[2025-06-23 10:40:13,606] INFO  org.springframework.orm.jpa.LocalContainerEntityManagerFactoryBean - Closing JPA EntityManagerFactory for persistence unit 'default'
[2025-06-23 10:40:13,608] INFO  com.zaxxer.hikari.HikariDataSource - HikariPool-1 - Shutdown initiated...
[2025-06-23 10:40:13,665] INFO  com.zaxxer.hikari.HikariDataSource - HikariPool-1 - Shutdown completed.
