[2025-06-23 21:07:23,064] INFO  org.hibernate.validator.internal.util.Version - HV000001: Hibernate Validator 8.0.2.Final
[2025-06-23 21:07:23,114] INFO  com.example.order_service.OrderServiceApplication - Starting OrderServiceApplication using Java 21.0.7 with PID 18508 (D:\tailieu\Ki_2-Nam_3\Intern\SpringBoot\order_service\target\classes started by chien in D:\tailieu\Ki_2-Nam_3\Intern\SpringBoot\order_service)
[2025-06-23 21:07:23,118] INFO  com.example.order_service.OrderServiceApplication - No active profile set, falling back to 1 default profile: "default"
[2025-06-23 21:07:23,156] INFO  org.springframework.boot.devtools.env.DevToolsPropertyDefaultsPostProcessor - Devtools property defaults active! Set 'spring.devtools.add-properties' to 'false' to disable
[2025-06-23 21:07:23,156] INFO  org.springframework.boot.devtools.env.DevToolsPropertyDefaultsPostProcessor - For additional web related logging consider setting the 'logging.level.web' property to 'DEBUG'
[2025-06-23 21:07:23,777] INFO  org.springframework.data.repository.config.RepositoryConfigurationDelegate - Bootstrapping Spring Data JPA repositories in DEFAULT mode.
[2025-06-23 21:07:23,844] INFO  org.springframework.data.repository.config.RepositoryConfigurationDelegate - Finished Spring Data repository scanning in 56 ms. Found 4 JPA repository interfaces.
[2025-06-23 21:07:24,400] INFO  org.springframework.boot.web.embedded.tomcat.TomcatWebServer - Tomcat initialized with port 8080 (http)
[2025-06-23 21:07:24,415] INFO  org.apache.coyote.http11.Http11NioProtocol - Initializing ProtocolHandler ["http-nio-8080"]
[2025-06-23 21:07:24,417] INFO  org.apache.catalina.core.StandardService - Starting service [Tomcat]
[2025-06-23 21:07:24,418] INFO  org.apache.catalina.core.StandardEngine - Starting Servlet engine: [Apache Tomcat/10.1.41]
[2025-06-23 21:07:24,465] INFO  org.apache.catalina.core.ContainerBase.[Tomcat].[localhost].[/] - Initializing Spring embedded WebApplicationContext
[2025-06-23 21:07:24,466] INFO  org.springframework.boot.web.servlet.context.ServletWebServerApplicationContext - Root WebApplicationContext: initialization completed in 1307 ms
[2025-06-23 21:07:24,616] INFO  org.hibernate.jpa.internal.util.LogHelper - HHH000204: Processing PersistenceUnitInfo [name: default]
[2025-06-23 21:07:24,667] INFO  org.hibernate.Version - HHH000412: Hibernate ORM core version 6.6.15.Final
[2025-06-23 21:07:24,697] INFO  org.hibernate.cache.internal.RegionFactoryInitiator - HHH000026: Second-level cache disabled
[2025-06-23 21:07:24,931] INFO  org.springframework.orm.jpa.persistenceunit.SpringPersistenceUnitInfo - No LoadTimeWeaver setup: ignoring JPA class transformer
[2025-06-23 21:07:24,961] INFO  com.zaxxer.hikari.HikariDataSource - HikariPool-1 - Starting...
[2025-06-23 21:07:25,865] INFO  com.zaxxer.hikari.pool.HikariPool - HikariPool-1 - Added connection com.mysql.cj.jdbc.ConnectionImpl@2db46f8e
[2025-06-23 21:07:25,866] INFO  com.zaxxer.hikari.HikariDataSource - HikariPool-1 - Start completed.
[2025-06-23 21:07:26,009] INFO  org.hibernate.orm.connections.pooling - HHH10001005: Database info:
	Database JDBC URL [Connecting through datasource 'HikariDataSource (HikariPool-1)']
	Database driver: undefined/unknown
	Database version: 9.3
	Autocommit mode: undefined/unknown
	Isolation level: undefined/unknown
	Minimum pool size: undefined/unknown
	Maximum pool size: undefined/unknown
[2025-06-23 21:07:26,709] INFO  org.hibernate.engine.transaction.jta.platform.internal.JtaPlatformInitiator - HHH000489: No JTA platform available (set 'hibernate.transaction.jta.platform' to enable JTA platform integration)
[2025-06-23 21:07:27,231] INFO  org.springframework.orm.jpa.LocalContainerEntityManagerFactoryBean - Initialized JPA EntityManagerFactory for persistence unit 'default'
[2025-06-23 21:07:27,559] WARN  org.springframework.boot.autoconfigure.orm.jpa.JpaBaseConfiguration$JpaWebConfiguration - spring.jpa.open-in-view is enabled by default. Therefore, database queries may be performed during view rendering. Explicitly configure spring.jpa.open-in-view to disable this warning
[2025-06-23 21:07:28,120] INFO  org.springframework.boot.devtools.autoconfigure.OptionalLiveReloadServer - LiveReload server is running on port 35729
[2025-06-23 21:07:28,133] INFO  org.apache.coyote.http11.Http11NioProtocol - Starting ProtocolHandler ["http-nio-8080"]
[2025-06-23 21:07:28,150] INFO  org.springframework.boot.web.embedded.tomcat.TomcatWebServer - Tomcat started on port 8080 (http) with context path '/'
[2025-06-23 21:07:28,158] INFO  com.example.order_service.OrderServiceApplication - Started OrderServiceApplication in 5.37 seconds (process running for 6.209)
[2025-06-23 21:07:57,524] INFO  org.apache.catalina.core.ContainerBase.[Tomcat].[localhost].[/] - Initializing Spring DispatcherServlet 'dispatcherServlet'
[2025-06-23 21:07:57,525] INFO  org.springframework.web.servlet.DispatcherServlet - Initializing Servlet 'dispatcherServlet'
[2025-06-23 21:07:57,526] INFO  org.springframework.web.servlet.DispatcherServlet - Completed initialization in 1 ms
[2025-06-23 21:07:58,015] INFO  com.example.order_service.service.RentalServiceImpl - Lấy danh sách các mục cho thuê thành công
[2025-06-23 21:07:58,051] INFO  com.example.order_service.service.CarServiceImpl - Xem thông tin danh sách xe thành công
[2025-06-23 21:07:58,055] INFO  com.example.order_service.service.UserServiceImpl - Lấy danh sách người dùng thành công
[2025-06-23 21:07:58,333] INFO  com.example.order_service.service.RentalServiceImpl - Lấy danh sách các mục cho thuê thành công
[2025-06-23 21:07:58,351] INFO  com.example.order_service.service.UserServiceImpl - Lấy danh sách người dùng thành công
[2025-06-23 21:07:58,351] INFO  com.example.order_service.service.CarServiceImpl - Xem thông tin danh sách xe thành công
[2025-06-23 21:07:58,467] INFO  com.example.order_service.service.BrandServiceImpl - Lấy thông tin danh sách các thương hiệu thành công
[2025-06-23 21:07:58,723] INFO  com.example.order_service.service.BrandServiceImpl - Lấy thông tin danh sách các thương hiệu thành công
[2025-06-23 21:08:04,063] INFO  com.example.order_service.service.BrandServiceImpl - Thêm thương hiệu fff của quốc gia ssss thành công
[2025-06-23 21:08:04,355] INFO  com.example.order_service.service.BrandServiceImpl - Lấy thông tin danh sách các thương hiệu thành công
[2025-06-23 21:08:17,729] INFO  com.example.order_service.service.RentalServiceImpl - Lấy danh sách các mục cho thuê thành công
[2025-06-23 21:08:17,771] INFO  com.example.order_service.service.UserServiceImpl - Lấy danh sách người dùng thành công
[2025-06-23 21:08:17,772] INFO  com.example.order_service.service.CarServiceImpl - Xem thông tin danh sách xe thành công
[2025-06-23 21:08:18,059] INFO  com.example.order_service.service.RentalServiceImpl - Lấy danh sách các mục cho thuê thành công
[2025-06-23 21:08:18,069] INFO  com.example.order_service.service.UserServiceImpl - Lấy danh sách người dùng thành công
[2025-06-23 21:08:18,069] INFO  com.example.order_service.service.CarServiceImpl - Xem thông tin danh sách xe thành công
[2025-06-23 21:08:27,694] INFO  com.example.order_service.service.RentalServiceImpl - Thuê xe thành công cho người dùng ID: 52, xe ID: 3
[2025-06-23 21:08:28,131] INFO  com.example.order_service.service.RentalServiceImpl - Lấy danh sách các mục cho thuê thành công
[2025-06-23 21:13:33,611] INFO  org.springframework.boot.web.embedded.tomcat.GracefulShutdown - Commencing graceful shutdown. Waiting for active requests to complete
[2025-06-23 21:13:33,622] INFO  org.springframework.boot.web.embedded.tomcat.GracefulShutdown - Graceful shutdown complete
[2025-06-23 21:13:33,626] INFO  org.springframework.orm.jpa.LocalContainerEntityManagerFactoryBean - Closing JPA EntityManagerFactory for persistence unit 'default'
[2025-06-23 21:13:33,628] INFO  com.zaxxer.hikari.HikariDataSource - HikariPool-1 - Shutdown initiated...
[2025-06-23 21:13:33,673] INFO  com.zaxxer.hikari.HikariDataSource - HikariPool-1 - Shutdown completed.
