[2025-06-21 14:23:30,226] INFO  org.hibernate.validator.internal.util.Version - HV000001: Hibernate Validator 8.0.2.Final
[2025-06-21 14:23:30,283] INFO  com.example.order_service.OrderServiceApplication - Starting OrderServiceApplication using Java 21.0.7 with PID 12620 (D:\tailieu\Ki_2-Nam_3\Intern\SpringBoot\order_service\target\classes started by chien in D:\tailieu\Ki_2-Nam_3\Intern\SpringBoot\order_service)
[2025-06-21 14:23:30,291] INFO  com.example.order_service.OrderServiceApplication - No active profile set, falling back to 1 default profile: "default"
[2025-06-21 14:23:30,342] INFO  org.springframework.boot.devtools.env.DevToolsPropertyDefaultsPostProcessor - Devtools property defaults active! Set 'spring.devtools.add-properties' to 'false' to disable
[2025-06-21 14:23:30,343] INFO  org.springframework.boot.devtools.env.DevToolsPropertyDefaultsPostProcessor - For additional web related logging consider setting the 'logging.level.web' property to 'DEBUG'
[2025-06-21 14:23:31,172] INFO  org.springframework.data.repository.config.RepositoryConfigurationDelegate - Bootstrapping Spring Data JPA repositories in DEFAULT mode.
[2025-06-21 14:23:31,239] INFO  org.springframework.data.repository.config.RepositoryConfigurationDelegate - Finished Spring Data repository scanning in 57 ms. Found 4 JPA repository interfaces.
[2025-06-21 14:23:32,119] INFO  org.springframework.boot.web.embedded.tomcat.TomcatWebServer - Tomcat initialized with port 8080 (http)
[2025-06-21 14:23:32,135] INFO  org.apache.coyote.http11.Http11NioProtocol - Initializing ProtocolHandler ["http-nio-8080"]
[2025-06-21 14:23:32,137] INFO  org.apache.catalina.core.StandardService - Starting service [Tomcat]
[2025-06-21 14:23:32,138] INFO  org.apache.catalina.core.StandardEngine - Starting Servlet engine: [Apache Tomcat/10.1.41]
[2025-06-21 14:23:32,189] INFO  org.apache.catalina.core.ContainerBase.[Tomcat].[localhost].[/] - Initializing Spring embedded WebApplicationContext
[2025-06-21 14:23:32,192] INFO  org.springframework.boot.web.servlet.context.ServletWebServerApplicationContext - Root WebApplicationContext: initialization completed in 1845 ms
[2025-06-21 14:23:32,359] INFO  org.hibernate.jpa.internal.util.LogHelper - HHH000204: Processing PersistenceUnitInfo [name: default]
[2025-06-21 14:23:32,408] INFO  org.hibernate.Version - HHH000412: Hibernate ORM core version 6.6.15.Final
[2025-06-21 14:23:32,440] INFO  org.hibernate.cache.internal.RegionFactoryInitiator - HHH000026: Second-level cache disabled
[2025-06-21 14:23:32,689] INFO  org.springframework.orm.jpa.persistenceunit.SpringPersistenceUnitInfo - No LoadTimeWeaver setup: ignoring JPA class transformer
[2025-06-21 14:23:32,716] INFO  com.zaxxer.hikari.HikariDataSource - HikariPool-1 - Starting...
[2025-06-21 14:23:32,982] INFO  com.zaxxer.hikari.pool.HikariPool - HikariPool-1 - Added connection com.mysql.cj.jdbc.ConnectionImpl@2204f33b
[2025-06-21 14:23:32,984] INFO  com.zaxxer.hikari.HikariDataSource - HikariPool-1 - Start completed.
[2025-06-21 14:23:33,074] INFO  org.hibernate.orm.connections.pooling - HHH10001005: Database info:
	Database JDBC URL [Connecting through datasource 'HikariDataSource (HikariPool-1)']
	Database driver: undefined/unknown
	Database version: 8.1
	Autocommit mode: undefined/unknown
	Isolation level: undefined/unknown
	Minimum pool size: undefined/unknown
	Maximum pool size: undefined/unknown
[2025-06-21 14:23:33,962] INFO  org.hibernate.engine.transaction.jta.platform.internal.JtaPlatformInitiator - HHH000489: No JTA platform available (set 'hibernate.transaction.jta.platform' to enable JTA platform integration)
[2025-06-21 14:23:34,035] INFO  org.springframework.orm.jpa.LocalContainerEntityManagerFactoryBean - Initialized JPA EntityManagerFactory for persistence unit 'default'
[2025-06-21 14:23:34,469] WARN  org.springframework.boot.autoconfigure.orm.jpa.JpaBaseConfiguration$JpaWebConfiguration - spring.jpa.open-in-view is enabled by default. Therefore, database queries may be performed during view rendering. Explicitly configure spring.jpa.open-in-view to disable this warning
[2025-06-21 14:23:35,319] INFO  org.springframework.boot.devtools.autoconfigure.OptionalLiveReloadServer - LiveReload server is running on port 35729
[2025-06-21 14:23:35,333] INFO  org.apache.coyote.http11.Http11NioProtocol - Starting ProtocolHandler ["http-nio-8080"]
[2025-06-21 14:23:35,356] INFO  org.springframework.boot.web.embedded.tomcat.TomcatWebServer - Tomcat started on port 8080 (http) with context path '/'
[2025-06-21 14:23:35,365] INFO  com.example.order_service.OrderServiceApplication - Started OrderServiceApplication in 5.456 seconds (process running for 6.322)
[2025-06-21 14:23:57,057] INFO  org.apache.catalina.core.ContainerBase.[Tomcat].[localhost].[/] - Initializing Spring DispatcherServlet 'dispatcherServlet'
[2025-06-21 14:23:57,058] INFO  org.springframework.web.servlet.DispatcherServlet - Initializing Servlet 'dispatcherServlet'
[2025-06-21 14:23:57,059] INFO  org.springframework.web.servlet.DispatcherServlet - Completed initialization in 1 ms
[2025-06-21 14:23:57,339] INFO  com.example.order_service.service.CarServiceImpl - Xem thông tin danh sách xe thành công
[2025-06-21 14:23:57,388] INFO  com.example.order_service.service.CarServiceImpl - Xem thông tin danh sách xe thành công
[2025-06-21 14:24:57,648] INFO  com.example.order_service.service.CarServiceImpl - Thêm xe thành công
[2025-06-21 14:24:57,660] INFO  com.example.order_service.service.CarServiceImpl - Xem thông tin danh sách xe thành công
[2025-06-21 14:25:16,001] INFO  com.example.order_service.service.CarServiceImpl - Xoá xe có ID: 202 thành công
[2025-06-21 14:25:16,027] INFO  com.example.order_service.service.CarServiceImpl - Xem thông tin danh sách xe thành công
[2025-06-21 14:25:53,774] INFO  com.example.order_service.service.CarServiceImpl - Cập nhật xe có ID: 2 thành công
[2025-06-21 14:25:53,785] INFO  com.example.order_service.service.CarServiceImpl - Xem thông tin danh sách xe thành công
[2025-06-21 14:26:10,438] INFO  com.example.order_service.service.BrandServiceImpl - Lấy thông tin danh sách các thương hiệu thành công
[2025-06-21 14:26:10,446] INFO  com.example.order_service.service.BrandServiceImpl - Lấy thông tin danh sách các thương hiệu thành công
[2025-06-21 14:26:28,442] INFO  com.example.order_service.service.BrandServiceImpl - Thêm thương hiệu Nissan của quốc gia Japan thành công
[2025-06-21 14:26:28,452] INFO  com.example.order_service.service.BrandServiceImpl - Lấy thông tin danh sách các thương hiệu thành công
[2025-06-21 14:26:31,681] INFO  com.example.order_service.service.BrandServiceImpl - Cập nhật thương hiệu thành công
[2025-06-21 14:26:31,712] INFO  com.example.order_service.service.BrandServiceImpl - Lấy thông tin danh sách các thương hiệu thành công
[2025-06-21 14:26:41,147] INFO  com.example.order_service.service.BrandServiceImpl - Cập nhật thương hiệu thành công
[2025-06-21 14:26:41,156] INFO  com.example.order_service.service.BrandServiceImpl - Lấy thông tin danh sách các thương hiệu thành công
[2025-06-21 14:26:58,840] INFO  com.example.order_service.service.CarServiceImpl - Xem thông tin danh sách xe thành công
[2025-06-21 14:26:58,851] INFO  com.example.order_service.service.CarServiceImpl - Xem thông tin danh sách xe thành công
[2025-06-21 14:26:58,853] INFO  com.example.order_service.service.RentalServiceImpl - Lấy danh sách các mục cho thuê thành công
[2025-06-21 14:26:58,853] INFO  com.example.order_service.service.UserServiceImpl - Lấy danh sách người dùng thành công
[2025-06-21 14:26:58,868] INFO  com.example.order_service.service.UserServiceImpl - Lấy danh sách người dùng thành công
[2025-06-21 14:26:58,869] INFO  com.example.order_service.service.RentalServiceImpl - Lấy danh sách các mục cho thuê thành công
[2025-06-21 14:27:00,546] INFO  com.example.order_service.service.BrandServiceImpl - Lấy thông tin danh sách các thương hiệu thành công
[2025-06-21 14:27:00,553] INFO  com.example.order_service.service.BrandServiceImpl - Lấy thông tin danh sách các thương hiệu thành công
[2025-06-21 14:27:01,188] INFO  com.example.order_service.service.CarServiceImpl - Xem thông tin danh sách xe thành công
[2025-06-21 14:27:01,189] INFO  com.example.order_service.service.RentalServiceImpl - Lấy danh sách các mục cho thuê thành công
[2025-06-21 14:27:01,194] INFO  com.example.order_service.service.UserServiceImpl - Lấy danh sách người dùng thành công
[2025-06-21 14:27:01,196] INFO  com.example.order_service.service.CarServiceImpl - Xem thông tin danh sách xe thành công
[2025-06-21 14:27:01,200] INFO  com.example.order_service.service.RentalServiceImpl - Lấy danh sách các mục cho thuê thành công
[2025-06-21 14:27:01,206] INFO  com.example.order_service.service.UserServiceImpl - Lấy danh sách người dùng thành công
[2025-06-21 14:27:02,190] INFO  com.example.order_service.service.BrandServiceImpl - Lấy thông tin danh sách các thương hiệu thành công
[2025-06-21 14:27:02,197] INFO  com.example.order_service.service.BrandServiceImpl - Lấy thông tin danh sách các thương hiệu thành công
[2025-06-21 14:27:02,693] INFO  com.example.order_service.service.CarServiceImpl - Xem thông tin danh sách xe thành công
[2025-06-21 14:27:02,700] INFO  com.example.order_service.service.RentalServiceImpl - Lấy danh sách các mục cho thuê thành công
[2025-06-21 14:27:02,700] INFO  com.example.order_service.service.UserServiceImpl - Lấy danh sách người dùng thành công
[2025-06-21 14:27:02,702] INFO  com.example.order_service.service.CarServiceImpl - Xem thông tin danh sách xe thành công
[2025-06-21 14:27:02,710] INFO  com.example.order_service.service.UserServiceImpl - Lấy danh sách người dùng thành công
[2025-06-21 14:27:02,710] INFO  com.example.order_service.service.RentalServiceImpl - Lấy danh sách các mục cho thuê thành công
[2025-06-21 14:27:21,064] INFO  com.example.order_service.service.RentalServiceImpl - Thuê xe thành công
[2025-06-21 14:27:21,083] INFO  com.example.order_service.service.RentalServiceImpl - Lấy danh sách các mục cho thuê thành công
[2025-06-21 14:27:30,494] INFO  com.example.order_service.service.BrandServiceImpl - Lấy thông tin danh sách các thương hiệu thành công
[2025-06-21 14:27:30,502] INFO  com.example.order_service.service.BrandServiceImpl - Lấy thông tin danh sách các thương hiệu thành công
[2025-06-21 14:27:32,320] INFO  com.example.order_service.service.CarServiceImpl - Xem thông tin danh sách xe thành công
[2025-06-21 14:27:32,328] INFO  com.example.order_service.service.CarServiceImpl - Xem thông tin danh sách xe thành công
[2025-06-21 14:27:52,719] INFO  com.example.order_service.service.BrandServiceImpl - Lấy thông tin danh sách các thương hiệu thành công
[2025-06-21 14:27:52,727] INFO  com.example.order_service.service.BrandServiceImpl - Lấy thông tin danh sách các thương hiệu thành công
[2025-06-21 14:27:53,295] INFO  com.example.order_service.service.CarServiceImpl - Xem thông tin danh sách xe thành công
[2025-06-21 14:27:53,300] INFO  com.example.order_service.service.UserServiceImpl - Lấy danh sách người dùng thành công
[2025-06-21 14:27:53,300] INFO  com.example.order_service.service.RentalServiceImpl - Lấy danh sách các mục cho thuê thành công
[2025-06-21 14:27:53,305] INFO  com.example.order_service.service.CarServiceImpl - Xem thông tin danh sách xe thành công
[2025-06-21 14:27:53,312] INFO  com.example.order_service.service.UserServiceImpl - Lấy danh sách người dùng thành công
[2025-06-21 14:27:53,312] INFO  com.example.order_service.service.RentalServiceImpl - Lấy danh sách các mục cho thuê thành công
[2025-06-21 14:27:53,868] INFO  com.example.order_service.service.BrandServiceImpl - Lấy thông tin danh sách các thương hiệu thành công
[2025-06-21 14:27:53,876] INFO  com.example.order_service.service.BrandServiceImpl - Lấy thông tin danh sách các thương hiệu thành công
[2025-06-21 14:27:55,822] INFO  com.example.order_service.service.RentalServiceImpl - Lấy danh sách các mục cho thuê thành công
[2025-06-21 14:27:55,823] INFO  com.example.order_service.service.CarServiceImpl - Xem thông tin danh sách xe thành công
[2025-06-21 14:27:55,827] INFO  com.example.order_service.service.UserServiceImpl - Lấy danh sách người dùng thành công
[2025-06-21 14:27:55,828] INFO  com.example.order_service.service.CarServiceImpl - Xem thông tin danh sách xe thành công
[2025-06-21 14:27:55,835] INFO  com.example.order_service.service.RentalServiceImpl - Lấy danh sách các mục cho thuê thành công
[2025-06-21 14:27:55,843] INFO  com.example.order_service.service.UserServiceImpl - Lấy danh sách người dùng thành công
[2025-06-21 14:27:56,733] INFO  com.example.order_service.service.BrandServiceImpl - Lấy thông tin danh sách các thương hiệu thành công
[2025-06-21 14:27:56,740] INFO  com.example.order_service.service.BrandServiceImpl - Lấy thông tin danh sách các thương hiệu thành công
[2025-06-21 14:27:59,992] INFO  com.example.order_service.service.CarServiceImpl - Xem thông tin danh sách xe thành công
[2025-06-21 14:27:59,994] INFO  com.example.order_service.service.RentalServiceImpl - Lấy danh sách các mục cho thuê thành công
[2025-06-21 14:27:59,996] INFO  com.example.order_service.service.UserServiceImpl - Lấy danh sách người dùng thành công
[2025-06-21 14:28:00,002] INFO  com.example.order_service.service.CarServiceImpl - Xem thông tin danh sách xe thành công
[2025-06-21 14:28:00,014] INFO  com.example.order_service.service.RentalServiceImpl - Lấy danh sách các mục cho thuê thành công
[2025-06-21 14:28:00,015] INFO  com.example.order_service.service.UserServiceImpl - Lấy danh sách người dùng thành công
[2025-06-21 14:28:00,717] INFO  com.example.order_service.service.CarServiceImpl - Xem thông tin danh sách xe thành công
[2025-06-21 14:28:00,724] INFO  com.example.order_service.service.CarServiceImpl - Xem thông tin danh sách xe thành công
[2025-06-21 14:28:06,673] INFO  com.example.order_service.service.RentalServiceImpl - Lấy danh sách các mục cho thuê thành công
[2025-06-21 14:28:06,674] INFO  com.example.order_service.service.CarServiceImpl - Xem thông tin danh sách xe thành công
[2025-06-21 14:28:06,680] INFO  com.example.order_service.service.UserServiceImpl - Lấy danh sách người dùng thành công
[2025-06-21 14:28:06,682] INFO  com.example.order_service.service.CarServiceImpl - Xem thông tin danh sách xe thành công
[2025-06-21 14:28:06,685] INFO  com.example.order_service.service.RentalServiceImpl - Lấy danh sách các mục cho thuê thành công
[2025-06-21 14:28:06,692] INFO  com.example.order_service.service.UserServiceImpl - Lấy danh sách người dùng thành công
[2025-06-21 14:32:37,790] INFO  org.springframework.boot.web.embedded.tomcat.GracefulShutdown - Commencing graceful shutdown. Waiting for active requests to complete
[2025-06-21 14:32:37,799] INFO  org.springframework.boot.web.embedded.tomcat.GracefulShutdown - Graceful shutdown complete
[2025-06-21 14:32:37,802] INFO  org.springframework.orm.jpa.LocalContainerEntityManagerFactoryBean - Closing JPA EntityManagerFactory for persistence unit 'default'
[2025-06-21 14:32:37,806] INFO  com.zaxxer.hikari.HikariDataSource - HikariPool-1 - Shutdown initiated...
[2025-06-21 14:32:37,811] INFO  com.zaxxer.hikari.HikariDataSource - HikariPool-1 - Shutdown completed.
